Using pre-set license
Built from '2020.3/staging' branch; Version is '2020.3.16f1 (049d6eca3c44) revision 302446'; Using compiler version '192528614'; Build Type 'Release'
OS: 'Windows 10 Home; OS build 19042.1237; Version 2009; 64bit' Language: 'ko' Physical Memory: 16303 MB
BatchMode: 1, IsHumanControllingUs: 0, StartBugReporterOnCrash: 0, Is64bit: 1, IsPro: 0

 COMMAND LINE ARGUMENTS:
C:\Program Files\Unity\Hub\Editor\2020.3.16f1\Editor\Unity.exe
-adb2
-batchMode
-noUpm
-name
AssetImportWorker0
-projectPath
C:/Users/USER/Documents/GitHub/NewWordConnect
-logFile
Logs/AssetImportWorker0.log
-srvPort
14973
Successfully changed project path to: C:/Users/USER/Documents/GitHub/NewWordConnect
C:/Users/USER/Documents/GitHub/NewWordConnect
Using Asset Import Pipeline V2.
Refreshing native plugins compatible for Editor in 93.29 ms, found 3 plugins.
Preloading 0 native plugins for Editor in 0.00 ms.
Initialize engine version: 2020.3.16f1 (049d6eca3c44)
[Subsystems] Discovering subsystems at path C:/Program Files/Unity/Hub/Editor/2020.3.16f1/Editor/Data/Resources/UnitySubsystems
[Subsystems] Discovering subsystems at path C:/Users/USER/Documents/GitHub/NewWordConnect/Assets
GfxDevice: creating device client; threaded=0
Direct3D:
    Version:  Direct3D 11.0 [level 11.1]
    Renderer: NVIDIA GeForce RTX 2060 (ID=0x1f51)
    Vendor:   
    VRAM:     5980 MB
    Driver:   26.21.14.3162
Shader 'Universal Render Pipeline/Particles/Lit': fallback shader 'Universal Render Pipeline/Particles/SimpleLit' not found
Initialize mono
Mono path[0] = 'C:/Program Files/Unity/Hub/Editor/2020.3.16f1/Editor/Data/Managed'
Mono path[1] = 'C:/Program Files/Unity/Hub/Editor/2020.3.16f1/Editor/Data/MonoBleedingEdge/lib/mono/unityjit'
Mono config path = 'C:/Program Files/Unity/Hub/Editor/2020.3.16f1/Editor/Data/MonoBleedingEdge/etc'
Using monoOptions --debugger-agent=transport=dt_socket,embedding=1,server=y,suspend=n,address=127.0.0.1:56604
Begin MonoManager ReloadAssembly
Registering precompiled unity dll's ...
Register platform support module: C:/Program Files/Unity/Hub/Editor/2020.3.16f1/Editor/Data/PlaybackEngines/WindowsStandaloneSupport/UnityEditor.WindowsStandalone.Extensions.dll
Registered in 0.001574 seconds.
Native extension for WindowsStandalone target not found
Refreshing native plugins compatible for Editor in 86.11 ms, found 3 plugins.
Preloading 0 native plugins for Editor in 0.00 ms.
Mono: successfully reloaded assembly
- Completed reload, in  2.233 seconds
Domain Reload Profiling:
	ReloadAssembly (2233ms)
		BeginReloadAssembly (74ms)
			ExecutionOrderSort (0ms)
			DisableScriptedObjects (0ms)
			BackupInstance (0ms)
			ReleaseScriptingObjects (0ms)
			CreateAndSetChildDomain (1ms)
		EndReloadAssembly (585ms)
			LoadAssemblies (73ms)
			RebuildTransferFunctionScriptingTraits (0ms)
			SetupTypeCache (191ms)
			ReleaseScriptCaches (0ms)
			RebuildScriptCaches (53ms)
			SetupLoadedEditorAssemblies (255ms)
				LogAssemblyErrors (0ms)
				InitializePlatformSupportModulesInManaged (7ms)
				SetLoadedEditorAssemblies (0ms)
				RefreshPlugins (86ms)
				BeforeProcessingInitializeOnLoad (19ms)
				ProcessInitializeOnLoadAttributes (98ms)
				ProcessInitializeOnLoadMethodAttributes (45ms)
				AfterProcessingInitializeOnLoad (0ms)
				EditorAssembliesLoaded (0ms)
			ExecutionOrderSort2 (0ms)
			AwakeInstancesAfterBackupRestoration (0ms)
Platform modules already initialized, skipping
Registering precompiled user dll's ...
Registered in 0.003720 seconds.
Begin MonoManager ReloadAssembly
Native extension for WindowsStandalone target not found
Refreshing native plugins compatible for Editor in 89.18 ms, found 3 plugins.
Preloading 0 native plugins for Editor in 0.00 ms.
Mono: successfully reloaded assembly
- Completed reload, in  1.970 seconds
Domain Reload Profiling:
	ReloadAssembly (1972ms)
		BeginReloadAssembly (209ms)
			ExecutionOrderSort (0ms)
			DisableScriptedObjects (5ms)
			BackupInstance (0ms)
			ReleaseScriptingObjects (0ms)
			CreateAndSetChildDomain (26ms)
		EndReloadAssembly (1677ms)
			LoadAssemblies (148ms)
			RebuildTransferFunctionScriptingTraits (0ms)
			SetupTypeCache (543ms)
			ReleaseScriptCaches (1ms)
			RebuildScriptCaches (79ms)
			SetupLoadedEditorAssemblies (715ms)
				LogAssemblyErrors (0ms)
				InitializePlatformSupportModulesInManaged (4ms)
				SetLoadedEditorAssemblies (1ms)
				RefreshPlugins (89ms)
				BeforeProcessingInitializeOnLoad (146ms)
				ProcessInitializeOnLoadAttributes (455ms)
				ProcessInitializeOnLoadMethodAttributes (16ms)
				AfterProcessingInitializeOnLoad (3ms)
				EditorAssembliesLoaded (0ms)
			ExecutionOrderSort2 (0ms)
			AwakeInstancesAfterBackupRestoration (9ms)
Platform modules already initialized, skipping
========================================================================
Worker process is ready to serve import requests
Shader 'Universal Render Pipeline/Particles/Lit': fallback shader 'Universal Render Pipeline/Particles/SimpleLit' not found
Launched and connected shader compiler UnityShaderCompiler.exe after 0.12 seconds
Refreshing native plugins compatible for Editor in 1.10 ms, found 3 plugins.
Preloading 0 native plugins for Editor in 0.00 ms.
Unloading 3630 Unused Serialized files (Serialized files now loaded: 0)
System memory in use before: 160.0 MB.
System memory in use after: 160.2 MB.

Unloading 32 unused Assets to reduce memory usage. Loaded Objects now: 4072.
Total: 7.892200 ms (FindLiveObjects: 0.385000 ms CreateObjectMapping: 0.303700 ms MarkObjects: 6.987900 ms  DeleteObjects: 0.213700 ms)

AssetImportParameters requested are different than current active one (requested -> active):
  custom:framework-win-MediaFoundation: 216162199b28c13a410421893ffa2e32 -> 
  custom:video-decoder-ogg-theora: a1e56fd34408186e4bbccfd4996cb3dc -> 
  custom:container-muxer-webm: aa71ff27fc2769a1b78a27578f13a17b -> 
  custom:container-demuxer-webm: 4f35f7cbe854078d1ac9338744f61a02 -> 
  custom:container-demuxer-ogg: 62fdf1f143b41e24485cea50d1cbac27 -> 
  custom:video-encoder-webm-vp8: eb34c28f22e8b96e1ab97ce403110664 -> 
  custom:video-decoder-webm-vp8: 9c59270c3fd7afecdb556c50c9e8de78 -> 
  custom:audio-decoder-ogg-vorbis: bf7c407c2cedff20999df2af8eb42d56 -> 
  custom:audio-encoder-webm-vorbis: bf7c407c2cedff20999df2af8eb42d56 -> 
========================================================================
Received Import Request.
  path: Assets/Scenes/Stage1/Stage1-2.unity
  artifactKey: Guid(f2c7900bf5d96364887957d36fc77a27) Importer(815301076,1909f56bfc062723c751e8b465ee728b)
Start importing Assets/Scenes/Stage1/Stage1-2.unity using Guid(f2c7900bf5d96364887957d36fc77a27) Importer(815301076,1909f56bfc062723c751e8b465ee728b)  -> (artifact id: 'e7a4094c69d711aa5f1eb2c50abc5660') in 0.032834 seconds 
  Import took 0.046503 seconds .

========================================================================
Received Import Request.
  Time since last request: 0.000456 seconds.
  path: Assets/Scenes/Stage1/Stage1-1.unity
  artifactKey: Guid(5a592007af6f39e41af4d32493f00f77) Importer(815301076,1909f56bfc062723c751e8b465ee728b)
Start importing Assets/Scenes/Stage1/Stage1-1.unity using Guid(5a592007af6f39e41af4d32493f00f77) Importer(815301076,1909f56bfc062723c751e8b465ee728b)  -> (artifact id: 'ef561b7458a707be5a0842e54a4a43ee') in 0.017454 seconds 
  Import took 0.029764 seconds .

========================================================================
Received Import Request.
  Time since last request: 122.224947 seconds.
  path: Assets/Prefebs/ChackPoint&LockObject.prefab
  artifactKey: Guid(5266f2b06c221e94fb62585665c84b4e) Importer(815301076,1909f56bfc062723c751e8b465ee728b)
Start importing Assets/Prefebs/ChackPoint&LockObject.prefab using Guid(5266f2b06c221e94fb62585665c84b4e) Importer(815301076,1909f56bfc062723c751e8b465ee728b)  -> (artifact id: 'ff8774fa5e5908af64072087165537b5') in 0.061337 seconds 
  Import took 0.070772 seconds .

========================================================================
Received Import Request.
  Time since last request: 0.000472 seconds.
  path: Assets/Prefebs/TextObject.prefab
  artifactKey: Guid(9adcf919808872d44a76c0950bb72647) Importer(815301076,1909f56bfc062723c751e8b465ee728b)
Start importing Assets/Prefebs/TextObject.prefab using Guid(9adcf919808872d44a76c0950bb72647) Importer(815301076,1909f56bfc062723c751e8b465ee728b)  -> (artifact id: '17c4b0cef8bb816cb7169e9e21dc325f') in 0.283118 seconds 
  Import took 0.293636 seconds .

========================================================================
Received Import Request.
  Time since last request: 0.000440 seconds.
  path: Assets/Prefebs/EnemyPin.prefab
  artifactKey: Guid(441521638719c754092a4455c1b4acba) Importer(815301076,1909f56bfc062723c751e8b465ee728b)
Start importing Assets/Prefebs/EnemyPin.prefab using Guid(441521638719c754092a4455c1b4acba) Importer(815301076,1909f56bfc062723c751e8b465ee728b)  -> (artifact id: '5c2a7c8bbd89fe42b3988952275c439b') in 0.047652 seconds 
  Import took 0.058604 seconds .

========================================================================
Received Import Request.
  Time since last request: 0.000550 seconds.
  path: Assets/Prefebs/EnemyWing.prefab
  artifactKey: Guid(4340a4897c0495948b54a34ac4c4ac28) Importer(815301076,1909f56bfc062723c751e8b465ee728b)
Start importing Assets/Prefebs/EnemyWing.prefab using Guid(4340a4897c0495948b54a34ac4c4ac28) Importer(815301076,1909f56bfc062723c751e8b465ee728b)  -> (artifact id: 'b576724860790c43116433eb335836aa') in 0.049151 seconds 
  Import took 0.060958 seconds .

========================================================================
Received Import Request.
  Time since last request: 0.000674 seconds.
  path: Assets/Prefebs/EnemyWalk 1.prefab
  artifactKey: Guid(1e67add56a147b84791c5ec604ed46a4) Importer(815301076,1909f56bfc062723c751e8b465ee728b)
Start importing Assets/Prefebs/EnemyWalk 1.prefab using Guid(1e67add56a147b84791c5ec604ed46a4) Importer(815301076,1909f56bfc062723c751e8b465ee728b)  -> (artifact id: '0809ac106ba6e88ebd6c2183198c2ebd') in 0.030355 seconds 
  Import took 0.039409 seconds .

========================================================================
Received Import Request.
  Time since last request: 0.000394 seconds.
  path: Assets/Prefebs/ParticleSmoke.prefab
  artifactKey: Guid(6733f460489a80245b01a0825690aaa2) Importer(815301076,1909f56bfc062723c751e8b465ee728b)
Start importing Assets/Prefebs/ParticleSmoke.prefab using Guid(6733f460489a80245b01a0825690aaa2) Importer(815301076,1909f56bfc062723c751e8b465ee728b)  -> (artifact id: '1580cceca9ed2eeed217656a8ce5a79b') in 0.038421 seconds 
  Import took 0.045511 seconds .

========================================================================
Received Import Request.
  Time since last request: 0.000355 seconds.
  path: Assets/Prefebs/EnemyWalk.prefab
  artifactKey: Guid(d36c84ed146f31a46bf7ee8509de998e) Importer(815301076,1909f56bfc062723c751e8b465ee728b)
Start importing Assets/Prefebs/EnemyWalk.prefab using Guid(d36c84ed146f31a46bf7ee8509de998e) Importer(815301076,1909f56bfc062723c751e8b465ee728b)  -> (artifact id: '9da78ec54e9008f2ed316913708b5b16') in 0.024862 seconds 
  Import took 0.034838 seconds .

========================================================================
Received Import Request.
  Time since last request: 0.000452 seconds.
  path: Assets/Prefebs/Player.prefab
  artifactKey: Guid(068abe95b6e7ffc4a9537ad67f6d3b95) Importer(815301076,1909f56bfc062723c751e8b465ee728b)
Start importing Assets/Prefebs/Player.prefab using Guid(068abe95b6e7ffc4a9537ad67f6d3b95) Importer(815301076,1909f56bfc062723c751e8b465ee728b)  -> (artifact id: '72118804654d8cf9de937bfe1232e268') in 0.050045 seconds 
  Import took 0.058811 seconds .

========================================================================
Received Import Request.
  Time since last request: 60.848985 seconds.
  path: Assets/Prefebs/Manager/SoundManager.prefab
  artifactKey: Guid(245a52a6ccf6a124d969d5784ff3058f) Importer(815301076,1909f56bfc062723c751e8b465ee728b)
Start importing Assets/Prefebs/Manager/SoundManager.prefab using Guid(245a52a6ccf6a124d969d5784ff3058f) Importer(815301076,1909f56bfc062723c751e8b465ee728b)  -> (artifact id: '3ef1e69d9fe0711e62ec179ef5bfd67b') in 0.019251 seconds 
  Import took 0.027946 seconds .

========================================================================
Received Import Request.
  Time since last request: 1.419622 seconds.
  path: Assets/Prefebs/Weather/Wind.prefab
  artifactKey: Guid(a7181ee7e10153d4691203b4e92cc55a) Importer(815301076,1909f56bfc062723c751e8b465ee728b)
Start importing Assets/Prefebs/Weather/Wind.prefab using Guid(a7181ee7e10153d4691203b4e92cc55a) Importer(815301076,1909f56bfc062723c751e8b465ee728b)  -> (artifact id: '7ad5c120a1ddebfaf8dd4fe90b1cffff') in 0.027755 seconds 
  Import took 0.037824 seconds .

========================================================================
Received Import Request.
  Time since last request: 2.410314 seconds.
  path: Assets/Prefebs/Grapic/SmokeStage.prefab
  artifactKey: Guid(2e33afb85407a9542874047a75fc6072) Importer(815301076,1909f56bfc062723c751e8b465ee728b)
Start importing Assets/Prefebs/Grapic/SmokeStage.prefab using Guid(2e33afb85407a9542874047a75fc6072) Importer(815301076,1909f56bfc062723c751e8b465ee728b)  -> (artifact id: '847005c000c1db180576ee7aa1242c4f') in 0.044008 seconds 
  Import took 0.051566 seconds .

========================================================================
Received Import Request.
  Time since last request: 0.000395 seconds.
  path: Assets/Prefebs/Grapic/twinkle.prefab
  artifactKey: Guid(9db1750839fdb964da77430524c952b6) Importer(815301076,1909f56bfc062723c751e8b465ee728b)
Start importing Assets/Prefebs/Grapic/twinkle.prefab using Guid(9db1750839fdb964da77430524c952b6) Importer(815301076,1909f56bfc062723c751e8b465ee728b)  -> (artifact id: '4f847e6c2fed1a88ce9b20016f2aa5ad') in 0.023462 seconds 
  Import took 0.031533 seconds .

========================================================================
Received Import Request.
  Time since last request: 0.012285 seconds.
  path: Assets/Prefebs/Grapic/SmokeStage.prefab
  artifactKey: Guid(2e33afb85407a9542874047a75fc6072) Importer(815301076,1909f56bfc062723c751e8b465ee728b)
Start importing Assets/Prefebs/Grapic/SmokeStage.prefab using Guid(2e33afb85407a9542874047a75fc6072) Importer(815301076,1909f56bfc062723c751e8b465ee728b)  -> (artifact id: '847005c000c1db180576ee7aa1242c4f') in 0.018887 seconds 
  Import took 0.030177 seconds .

AssetImportWorkerClient::OnTransportError - code=2 error=End of file
