Using pre-set license
Built from '2020.3/staging' branch; Version is '2020.3.16f1 (049d6eca3c44) revision 302446'; Using compiler version '192528614'; Build Type 'Release'
OS: 'Windows 10 Home; OS build 19042.1165; Version 2009; 64bit' Language: 'ko' Physical Memory: 16303 MB
BatchMode: 1, IsHumanControllingUs: 0, StartBugReporterOnCrash: 0, Is64bit: 1, IsPro: 0

 COMMAND LINE ARGUMENTS:
C:\Program Files\Unity\Hub\Editor\2020.3.16f1\Editor\Unity.exe
-adb2
-batchMode
-noUpm
-name
AssetImportWorker1
-projectPath
C:/Users/USER/Documents/GitHub/NewWordConnect
-logFile
Logs/AssetImportWorker1.log
-srvPort
59576
Successfully changed project path to: C:/Users/USER/Documents/GitHub/NewWordConnect
C:/Users/USER/Documents/GitHub/NewWordConnect
Using Asset Import Pipeline V2.
Refreshing native plugins compatible for Editor in 100.57 ms, found 3 plugins.
Preloading 0 native plugins for Editor in 0.00 ms.
Initialize engine version: 2020.3.16f1 (049d6eca3c44)
[Subsystems] Discovering subsystems at path C:/Program Files/Unity/Hub/Editor/2020.3.16f1/Editor/Data/Resources/UnitySubsystems
[Subsystems] Discovering subsystems at path C:/Users/USER/Documents/GitHub/NewWordConnect/Assets
GfxDevice: creating device client; threaded=0
Direct3D:
    Version:  Direct3D 11.0 [level 11.1]
    Renderer: NVIDIA GeForce RTX 2060 (ID=0x1f51)
    Vendor:   
    VRAM:     5980 MB
    Driver:   26.21.14.3162
Shader 'Universal Render Pipeline/Particles/Lit': fallback shader 'Universal Render Pipeline/Particles/SimpleLit' not found
Initialize mono
Mono path[0] = 'C:/Program Files/Unity/Hub/Editor/2020.3.16f1/Editor/Data/Managed'
Mono path[1] = 'C:/Program Files/Unity/Hub/Editor/2020.3.16f1/Editor/Data/MonoBleedingEdge/lib/mono/unityjit'
Mono config path = 'C:/Program Files/Unity/Hub/Editor/2020.3.16f1/Editor/Data/MonoBleedingEdge/etc'
Using monoOptions --debugger-agent=transport=dt_socket,embedding=1,server=y,suspend=n,address=127.0.0.1:56960
Begin MonoManager ReloadAssembly
Registering precompiled unity dll's ...
Register platform support module: C:/Program Files/Unity/Hub/Editor/2020.3.16f1/Editor/Data/PlaybackEngines/WindowsStandaloneSupport/UnityEditor.WindowsStandalone.Extensions.dll
Registered in 0.002894 seconds.
Native extension for WindowsStandalone target not found
Refreshing native plugins compatible for Editor in 101.90 ms, found 3 plugins.
Preloading 0 native plugins for Editor in 0.00 ms.
Mono: successfully reloaded assembly
- Completed reload, in  1.764 seconds
Domain Reload Profiling:
	ReloadAssembly (1764ms)
		BeginReloadAssembly (82ms)
			ExecutionOrderSort (0ms)
			DisableScriptedObjects (0ms)
			BackupInstance (0ms)
			ReleaseScriptingObjects (0ms)
			CreateAndSetChildDomain (1ms)
		EndReloadAssembly (673ms)
			LoadAssemblies (79ms)
			RebuildTransferFunctionScriptingTraits (0ms)
			SetupTypeCache (219ms)
			ReleaseScriptCaches (0ms)
			RebuildScriptCaches (47ms)
			SetupLoadedEditorAssemblies (302ms)
				LogAssemblyErrors (0ms)
				InitializePlatformSupportModulesInManaged (6ms)
				SetLoadedEditorAssemblies (0ms)
				RefreshPlugins (102ms)
				BeforeProcessingInitializeOnLoad (24ms)
				ProcessInitializeOnLoadAttributes (129ms)
				ProcessInitializeOnLoadMethodAttributes (40ms)
				AfterProcessingInitializeOnLoad (0ms)
				EditorAssembliesLoaded (0ms)
			ExecutionOrderSort2 (0ms)
			AwakeInstancesAfterBackupRestoration (0ms)
Platform modules already initialized, skipping
Registering precompiled user dll's ...
Registered in 0.007733 seconds.
Begin MonoManager ReloadAssembly
Native extension for WindowsStandalone target not found
Refreshing native plugins compatible for Editor in 104.97 ms, found 3 plugins.
Preloading 0 native plugins for Editor in 0.00 ms.
Mono: successfully reloaded assembly
- Completed reload, in  7.402 seconds
Domain Reload Profiling:
	ReloadAssembly (7408ms)
		BeginReloadAssembly (213ms)
			ExecutionOrderSort (0ms)
			DisableScriptedObjects (7ms)
			BackupInstance (0ms)
			ReleaseScriptingObjects (0ms)
			CreateAndSetChildDomain (25ms)
		EndReloadAssembly (7096ms)
			LoadAssemblies (4323ms)
			RebuildTransferFunctionScriptingTraits (0ms)
			SetupTypeCache (1342ms)
			ReleaseScriptCaches (1ms)
			RebuildScriptCaches (95ms)
			SetupLoadedEditorAssemblies (1131ms)
				LogAssemblyErrors (0ms)
				InitializePlatformSupportModulesInManaged (6ms)
				SetLoadedEditorAssemblies (0ms)
				RefreshPlugins (105ms)
				BeforeProcessingInitializeOnLoad (213ms)
				ProcessInitializeOnLoadAttributes (744ms)
				ProcessInitializeOnLoadMethodAttributes (49ms)
				AfterProcessingInitializeOnLoad (13ms)
				EditorAssembliesLoaded (0ms)
			ExecutionOrderSort2 (0ms)
			AwakeInstancesAfterBackupRestoration (10ms)
Platform modules already initialized, skipping
========================================================================
Worker process is ready to serve import requests
Shader 'Universal Render Pipeline/Particles/Lit': fallback shader 'Universal Render Pipeline/Particles/SimpleLit' not found
Launched and connected shader compiler UnityShaderCompiler.exe after 0.22 seconds
Refreshing native plugins compatible for Editor in 0.84 ms, found 3 plugins.
Preloading 0 native plugins for Editor in 0.00 ms.
Unloading 3509 Unused Serialized files (Serialized files now loaded: 0)
System memory in use before: 154.1 MB.
System memory in use after: 154.3 MB.

Unloading 30 unused Assets to reduce memory usage. Loaded Objects now: 3945.
Total: 5.203800 ms (FindLiveObjects: 0.390700 ms CreateObjectMapping: 0.247600 ms MarkObjects: 4.442500 ms  DeleteObjects: 0.121000 ms)

AssetImportParameters requested are different than current active one (requested -> active):
  custom:framework-win-MediaFoundation: 216162199b28c13a410421893ffa2e32 -> 
  custom:video-decoder-ogg-theora: a1e56fd34408186e4bbccfd4996cb3dc -> 
  custom:container-muxer-webm: aa71ff27fc2769a1b78a27578f13a17b -> 
  custom:container-demuxer-webm: 4f35f7cbe854078d1ac9338744f61a02 -> 
  custom:container-demuxer-ogg: 62fdf1f143b41e24485cea50d1cbac27 -> 
  custom:video-encoder-webm-vp8: eb34c28f22e8b96e1ab97ce403110664 -> 
  custom:video-decoder-webm-vp8: 9c59270c3fd7afecdb556c50c9e8de78 -> 
  custom:audio-decoder-ogg-vorbis: bf7c407c2cedff20999df2af8eb42d56 -> 
  custom:audio-encoder-webm-vorbis: bf7c407c2cedff20999df2af8eb42d56 -> 
========================================================================
Received Import Request.
  path: Assets/Animation/Scroll View.controller
  artifactKey: Guid(d7858d9a9ff3d4e4c8e114bd9c57e03d) Importer(815301076,1909f56bfc062723c751e8b465ee728b)
Start importing Assets/Animation/Scroll View.controller using Guid(d7858d9a9ff3d4e4c8e114bd9c57e03d) Importer(815301076,1909f56bfc062723c751e8b465ee728b)  -> (artifact id: '6f785c13ba07eb645f020fe5f383a574') in 0.059345 seconds 
  Import took 0.067402 seconds .

========================================================================
Received Import Request.
  Time since last request: 24.092172 seconds.
  path: Assets/Animation/Scroll View.controller
  artifactKey: Guid(d7858d9a9ff3d4e4c8e114bd9c57e03d) Importer(815301076,1909f56bfc062723c751e8b465ee728b)
Start importing Assets/Animation/Scroll View.controller using Guid(d7858d9a9ff3d4e4c8e114bd9c57e03d) Importer(815301076,1909f56bfc062723c751e8b465ee728b)  -> (artifact id: '3c23c7274dcff8be8954e84ba1401efe') in 0.008472 seconds 
  Import took 0.016210 seconds .

========================================================================
Received Import Request.
  Time since last request: 110.816719 seconds.
  path: Assets/Animation/ScrollViewOff.anim
  artifactKey: Guid(09a4ee6b731a17446b9bca5c478f7d18) Importer(815301076,1909f56bfc062723c751e8b465ee728b)
Start importing Assets/Animation/ScrollViewOff.anim using Guid(09a4ee6b731a17446b9bca5c478f7d18) Importer(815301076,1909f56bfc062723c751e8b465ee728b)  -> (artifact id: '42b22d02baa84cf8f140d1aa240694f6') in 0.015952 seconds 
  Import took 0.026182 seconds .

========================================================================
Received Import Request.
  Time since last request: 0.007667 seconds.
  path: Assets/Animation/ScrollViewOff.anim
  artifactKey: Guid(09a4ee6b731a17446b9bca5c478f7d18) Importer(815301076,1909f56bfc062723c751e8b465ee728b)
Start importing Assets/Animation/ScrollViewOff.anim using Guid(09a4ee6b731a17446b9bca5c478f7d18) Importer(815301076,1909f56bfc062723c751e8b465ee728b)  -> (artifact id: '42b22d02baa84cf8f140d1aa240694f6') in 0.007741 seconds 
  Import took 0.015592 seconds .

========================================================================
Received Import Request.
  Time since last request: 0.320196 seconds.
  path: Assets/Animation/ScrollViewOn.anim
  artifactKey: Guid(fd89863fc02025e4f851297f400d6be5) Importer(815301076,1909f56bfc062723c751e8b465ee728b)
Start importing Assets/Animation/ScrollViewOn.anim using Guid(fd89863fc02025e4f851297f400d6be5) Importer(815301076,1909f56bfc062723c751e8b465ee728b)  -> (artifact id: 'bc8d03ac04c13ef96b9a4eb417ef8a65') in 0.013673 seconds 
  Import took 0.021492 seconds .

========================================================================
Received Import Request.
  Time since last request: 3.738908 seconds.
  path: Assets/Animation/ScrollViewOn.anim
  artifactKey: Guid(fd89863fc02025e4f851297f400d6be5) Importer(815301076,1909f56bfc062723c751e8b465ee728b)
Start importing Assets/Animation/ScrollViewOn.anim using Guid(fd89863fc02025e4f851297f400d6be5) Importer(815301076,1909f56bfc062723c751e8b465ee728b)  -> (artifact id: '73ae3ab578935c60327358366d8d7a1a') in 0.007626 seconds 
  Import took 0.015492 seconds .

========================================================================
Received Prepare
Registering precompiled user dll's ...
Registered in 0.007023 seconds.
Begin MonoManager ReloadAssembly
Native extension for WindowsStandalone target not found
Refreshing native plugins compatible for Editor in 0.83 ms, found 3 plugins.
Preloading 0 native plugins for Editor in 0.00 ms.
Mono: successfully reloaded assembly
- Completed reload, in  1.816 seconds
Domain Reload Profiling:
	ReloadAssembly (1816ms)
		BeginReloadAssembly (187ms)
			ExecutionOrderSort (0ms)
			DisableScriptedObjects (10ms)
			BackupInstance (0ms)
			ReleaseScriptingObjects (0ms)
			CreateAndSetChildDomain (61ms)
		EndReloadAssembly (1528ms)
			LoadAssemblies (159ms)
			RebuildTransferFunctionScriptingTraits (0ms)
			SetupTypeCache (485ms)
			ReleaseScriptCaches (2ms)
			RebuildScriptCaches (76ms)
			SetupLoadedEditorAssemblies (609ms)
				LogAssemblyErrors (0ms)
				InitializePlatformSupportModulesInManaged (6ms)
				SetLoadedEditorAssemblies (1ms)
				RefreshPlugins (1ms)
				BeforeProcessingInitializeOnLoad (145ms)
				ProcessInitializeOnLoadAttributes (438ms)
				ProcessInitializeOnLoadMethodAttributes (9ms)
				AfterProcessingInitializeOnLoad (10ms)
				EditorAssembliesLoaded (0ms)
			ExecutionOrderSort2 (0ms)
			AwakeInstancesAfterBackupRestoration (25ms)
Platform modules already initialized, skipping
Shader 'Universal Render Pipeline/Particles/Lit': fallback shader 'Universal Render Pipeline/Particles/SimpleLit' not found
Refreshing native plugins compatible for Editor in 0.91 ms, found 3 plugins.
Preloading 0 native plugins for Editor in 0.00 ms.
Unloading 3366 Unused Serialized files (Serialized files now loaded: 0)
System memory in use before: 143.7 MB.
System memory in use after: 144.0 MB.

Unloading 18 unused Assets to reduce memory usage. Loaded Objects now: 3948.
Total: 5.218800 ms (FindLiveObjects: 0.353800 ms CreateObjectMapping: 0.220900 ms MarkObjects: 4.616700 ms  DeleteObjects: 0.026000 ms)

AssetImportParameters requested are different than current active one (requested -> active):
  custom:framework-win-MediaFoundation: 216162199b28c13a410421893ffa2e32 -> 
  custom:video-decoder-ogg-theora: a1e56fd34408186e4bbccfd4996cb3dc -> 
  custom:container-muxer-webm: aa71ff27fc2769a1b78a27578f13a17b -> 
  custom:container-demuxer-webm: 4f35f7cbe854078d1ac9338744f61a02 -> 
  custom:container-demuxer-ogg: 62fdf1f143b41e24485cea50d1cbac27 -> 
  custom:video-encoder-webm-vp8: eb34c28f22e8b96e1ab97ce403110664 -> 
  custom:video-decoder-webm-vp8: 9c59270c3fd7afecdb556c50c9e8de78 -> 
  custom:audio-decoder-ogg-vorbis: bf7c407c2cedff20999df2af8eb42d56 -> 
  custom:audio-encoder-webm-vorbis: bf7c407c2cedff20999df2af8eb42d56 -> 
========================================================================
Received Prepare
Registering precompiled user dll's ...
Registered in 0.007825 seconds.
Begin MonoManager ReloadAssembly
Native extension for WindowsStandalone target not found
Refreshing native plugins compatible for Editor in 0.82 ms, found 3 plugins.
Preloading 0 native plugins for Editor in 0.00 ms.
Mono: successfully reloaded assembly
- Completed reload, in  1.889 seconds
Domain Reload Profiling:
	ReloadAssembly (1889ms)
		BeginReloadAssembly (175ms)
			ExecutionOrderSort (0ms)
			DisableScriptedObjects (9ms)
			BackupInstance (0ms)
			ReleaseScriptingObjects (0ms)
			CreateAndSetChildDomain (52ms)
		EndReloadAssembly (1613ms)
			LoadAssemblies (145ms)
			RebuildTransferFunctionScriptingTraits (0ms)
			SetupTypeCache (486ms)
			ReleaseScriptCaches (2ms)
			RebuildScriptCaches (75ms)
			SetupLoadedEditorAssemblies (718ms)
				LogAssemblyErrors (0ms)
				InitializePlatformSupportModulesInManaged (6ms)
				SetLoadedEditorAssemblies (1ms)
				RefreshPlugins (1ms)
				BeforeProcessingInitializeOnLoad (190ms)
				ProcessInitializeOnLoadAttributes (501ms)
				ProcessInitializeOnLoadMethodAttributes (9ms)
				AfterProcessingInitializeOnLoad (10ms)
				EditorAssembliesLoaded (0ms)
			ExecutionOrderSort2 (0ms)
			AwakeInstancesAfterBackupRestoration (21ms)
Platform modules already initialized, skipping
Shader 'Universal Render Pipeline/Particles/Lit': fallback shader 'Universal Render Pipeline/Particles/SimpleLit' not found
Refreshing native plugins compatible for Editor in 0.88 ms, found 3 plugins.
Preloading 0 native plugins for Editor in 0.00 ms.
Unloading 3366 Unused Serialized files (Serialized files now loaded: 0)
System memory in use before: 143.8 MB.
System memory in use after: 144.0 MB.

Unloading 18 unused Assets to reduce memory usage. Loaded Objects now: 3951.
Total: 4.780900 ms (FindLiveObjects: 0.349600 ms CreateObjectMapping: 0.215100 ms MarkObjects: 4.190600 ms  DeleteObjects: 0.024500 ms)

AssetImportParameters requested are different than current active one (requested -> active):
  custom:framework-win-MediaFoundation: 216162199b28c13a410421893ffa2e32 -> 
  custom:video-decoder-ogg-theora: a1e56fd34408186e4bbccfd4996cb3dc -> 
  custom:container-muxer-webm: aa71ff27fc2769a1b78a27578f13a17b -> 
  custom:container-demuxer-webm: 4f35f7cbe854078d1ac9338744f61a02 -> 
  custom:container-demuxer-ogg: 62fdf1f143b41e24485cea50d1cbac27 -> 
  custom:video-encoder-webm-vp8: eb34c28f22e8b96e1ab97ce403110664 -> 
  custom:video-decoder-webm-vp8: 9c59270c3fd7afecdb556c50c9e8de78 -> 
  custom:audio-decoder-ogg-vorbis: bf7c407c2cedff20999df2af8eb42d56 -> 
  custom:audio-encoder-webm-vorbis: bf7c407c2cedff20999df2af8eb42d56 -> 
========================================================================
Received Import Request.
  Time since last request: 213.964850 seconds.
  path: Assets/Animation/Scroll View.controller
  artifactKey: Guid(d7858d9a9ff3d4e4c8e114bd9c57e03d) Importer(815301076,1909f56bfc062723c751e8b465ee728b)
Start importing Assets/Animation/Scroll View.controller using Guid(d7858d9a9ff3d4e4c8e114bd9c57e03d) Importer(815301076,1909f56bfc062723c751e8b465ee728b)  -> (artifact id: '08c3ba87673bc2a18a818e582ca2adcd') in 0.040683 seconds 
  Import took 0.049977 seconds .

========================================================================
Received Import Request.
  Time since last request: 10.750700 seconds.
  path: Assets/Animation/Scroll View.controller
  artifactKey: Guid(d7858d9a9ff3d4e4c8e114bd9c57e03d) Importer(815301076,1909f56bfc062723c751e8b465ee728b)
Start importing Assets/Animation/Scroll View.controller using Guid(d7858d9a9ff3d4e4c8e114bd9c57e03d) Importer(815301076,1909f56bfc062723c751e8b465ee728b)  -> (artifact id: 'c40f2109c15bc05bc7c6ff1d039d61c6') in 0.009449 seconds 
  Import took 0.017592 seconds .

========================================================================
Received Import Request.
  Time since last request: 0.935700 seconds.
  path: Assets/Animation/Scroll View.controller
  artifactKey: Guid(d7858d9a9ff3d4e4c8e114bd9c57e03d) Importer(815301076,1909f56bfc062723c751e8b465ee728b)
Start importing Assets/Animation/Scroll View.controller using Guid(d7858d9a9ff3d4e4c8e114bd9c57e03d) Importer(815301076,1909f56bfc062723c751e8b465ee728b)  -> (artifact id: '91018a2c6be2c890350f3d1262cd0c89') in 0.006638 seconds 
  Import took 0.013997 seconds .

========================================================================
Received Import Request.
  Time since last request: 63.072220 seconds.
  path: Assets/Animation/Scroll View.controller
  artifactKey: Guid(d7858d9a9ff3d4e4c8e114bd9c57e03d) Importer(815301076,1909f56bfc062723c751e8b465ee728b)
Start importing Assets/Animation/Scroll View.controller using Guid(d7858d9a9ff3d4e4c8e114bd9c57e03d) Importer(815301076,1909f56bfc062723c751e8b465ee728b)  -> (artifact id: 'af5d2e0b9c299cba387fe5956813c75a') in 0.008287 seconds 
  Import took 0.026013 seconds .

========================================================================
Received Prepare
Registering precompiled user dll's ...
Registered in 0.007201 seconds.
Begin MonoManager ReloadAssembly
Native extension for WindowsStandalone target not found
Refreshing native plugins compatible for Editor in 0.82 ms, found 3 plugins.
Preloading 0 native plugins for Editor in 0.00 ms.
Mono: successfully reloaded assembly
- Completed reload, in  1.863 seconds
Domain Reload Profiling:
	ReloadAssembly (1863ms)
		BeginReloadAssembly (171ms)
			ExecutionOrderSort (0ms)
			DisableScriptedObjects (9ms)
			BackupInstance (0ms)
			ReleaseScriptingObjects (0ms)
			CreateAndSetChildDomain (54ms)
		EndReloadAssembly (1574ms)
			LoadAssemblies (147ms)
			RebuildTransferFunctionScriptingTraits (0ms)
			SetupTypeCache (471ms)
			ReleaseScriptCaches (2ms)
			RebuildScriptCaches (76ms)
			SetupLoadedEditorAssemblies (673ms)
				LogAssemblyErrors (0ms)
				InitializePlatformSupportModulesInManaged (6ms)
				SetLoadedEditorAssemblies (1ms)
				RefreshPlugins (1ms)
				BeforeProcessingInitializeOnLoad (158ms)
				ProcessInitializeOnLoadAttributes (480ms)
				ProcessInitializeOnLoadMethodAttributes (15ms)
				AfterProcessingInitializeOnLoad (13ms)
				EditorAssembliesLoaded (0ms)
			ExecutionOrderSort2 (0ms)
			AwakeInstancesAfterBackupRestoration (33ms)
Platform modules already initialized, skipping
Shader 'Universal Render Pipeline/Particles/Lit': fallback shader 'Universal Render Pipeline/Particles/SimpleLit' not found
Refreshing native plugins compatible for Editor in 0.88 ms, found 3 plugins.
Preloading 0 native plugins for Editor in 0.00 ms.
Unloading 3366 Unused Serialized files (Serialized files now loaded: 0)
System memory in use before: 143.8 MB.
System memory in use after: 144.1 MB.

Unloading 18 unused Assets to reduce memory usage. Loaded Objects now: 3954.
Total: 5.433700 ms (FindLiveObjects: 0.375300 ms CreateObjectMapping: 0.214800 ms MarkObjects: 4.816900 ms  DeleteObjects: 0.025700 ms)

AssetImportParameters requested are different than current active one (requested -> active):
  custom:framework-win-MediaFoundation: 216162199b28c13a410421893ffa2e32 -> 
  custom:video-decoder-ogg-theora: a1e56fd34408186e4bbccfd4996cb3dc -> 
  custom:container-muxer-webm: aa71ff27fc2769a1b78a27578f13a17b -> 
  custom:container-demuxer-webm: 4f35f7cbe854078d1ac9338744f61a02 -> 
  custom:container-demuxer-ogg: 62fdf1f143b41e24485cea50d1cbac27 -> 
  custom:video-encoder-webm-vp8: eb34c28f22e8b96e1ab97ce403110664 -> 
  custom:video-decoder-webm-vp8: 9c59270c3fd7afecdb556c50c9e8de78 -> 
  custom:audio-decoder-ogg-vorbis: bf7c407c2cedff20999df2af8eb42d56 -> 
  custom:audio-encoder-webm-vorbis: bf7c407c2cedff20999df2af8eb42d56 -> 
AssetImportWorkerClient::OnTransportError - code=2 error=End of file
